<?xml version="1.0" encoding="UTF-8"?>
<!-- Generated by org.testng.reporters.JUnitXMLReporter -->
<testsuite hostname="HW0675" name="Login Registration On Firefox" tests="3" failures="0" timestamp="29 Oct 2014 12:08:40 GMT" time="249.63" errors="0">
  <testcase name="Submit_Claim" time="100.118" classname="com.demo.scripts.Submit_Claim"/>
  <testcase name="Verify_Member_Coverage" time="37.315" classname="com.demo.scripts.Verify_Member_Coverage"/>
  <testcase name="Verify_Dependent_Coverage" time="45.253" classname="com.demo.scripts.Verify_Dependent_Coverage"/>
</testsuite> <!-- Login Registration On Firefox -->
