<?xml version="1.0" encoding="UTF-8"?>
<testng-results skipped="0" failed="0" total="1" passed="1">
  <reporter-output>
  </reporter-output>
  <suite name="Parallel Execution" duration-ms="101575" started-at="2015-11-24T08:35:05Z" finished-at="2015-11-24T08:36:47Z">
    <groups>
      <group name="smoke">
        <method signature="Login_Test.Import_SampleDB()[pri:0, instance:com.demo.scripts.Login_Test@762ef0ea]" name="Import_SampleDB" class="com.demo.scripts.Login_Test"/>
      </group> <!-- smoke -->
    </groups>
    <test name="Login Registration On Firefox" duration-ms="101575" started-at="2015-11-24T08:35:05Z" finished-at="2015-11-24T08:36:47Z">
      <class name="com.demo.scripts.Login_Test">
        <test-method status="PASS" signature="first(org.testng.ITestContext, java.lang.String)[pri:0, instance:com.demo.scripts.Login_Test@762ef0ea]" name="first" is-config="true" duration-ms="12151" started-at="2015-11-24T14:05:05Z" finished-at="2015-11-24T14:05:18Z">
          <params>
            <param index="0">
              <value>
                <![CDATA[org.testng.TestRunner@1bb266b3]]>
              </value>
            </param>
            <param index="1">
              <value>
                <![CDATA[Firefox]]>
              </value>
            </param>
          </params>
          <reporter-output>
          </reporter-output>
        </test-method> <!-- first -->
        <test-method status="PASS" signature="reportHeader(java.lang.reflect.Method, org.testng.ITestContext, java.lang.String)[pri:0, instance:com.demo.scripts.Login_Test@762ef0ea]" name="reportHeader" is-config="true" duration-ms="11" started-at="2015-11-24T14:05:18Z" finished-at="2015-11-24T14:05:18Z">
          <params>
            <param index="0">
              <value>
                <![CDATA[public void com.demo.scripts.Login_Test.Import_SampleDB() throws java.lang.Throwable]]>
              </value>
            </param>
            <param index="1">
              <value>
                <![CDATA[org.testng.TestRunner@1bb266b3]]>
              </value>
            </param>
            <param index="2">
              <value>
                <![CDATA[Firefox]]>
              </value>
            </param>
          </params>
          <reporter-output>
          </reporter-output>
        </test-method> <!-- reportHeader -->
        <test-method status="PASS" signature="Import_SampleDB()[pri:0, instance:com.demo.scripts.Login_Test@762ef0ea]" name="Import_SampleDB" duration-ms="89325" started-at="2015-11-24T14:05:18Z" finished-at="2015-11-24T14:06:47Z">
          <reporter-output>
          </reporter-output>
        </test-method> <!-- Import_SampleDB -->
        <test-method status="PASS" signature="tearDown()[pri:0, instance:com.demo.scripts.Login_Test@762ef0ea]" name="tearDown" is-config="true" duration-ms="22" started-at="2015-11-24T14:06:47Z" finished-at="2015-11-24T14:06:47Z">
          <reporter-output>
          </reporter-output>
        </test-method> <!-- tearDown -->
        <test-method status="PASS" signature="close(java.lang.String)[pri:0, instance:com.demo.scripts.Login_Test@762ef0ea]" name="close" is-config="true" duration-ms="52" started-at="2015-11-24T14:06:47Z" finished-at="2015-11-24T14:06:47Z">
          <params>
            <param index="0">
              <value>
                <![CDATA[Firefox]]>
              </value>
            </param>
          </params>
          <reporter-output>
          </reporter-output>
        </test-method> <!-- close -->
      </class> <!-- com.demo.scripts.Login_Test -->
      <class name="com.demo.scripts.Login_Fail">
        <test-method status="PASS" signature="first(org.testng.ITestContext)[pri:0, instance:com.demo.scripts.Login_Fail@38e79ae3]" name="first" is-config="true" duration-ms="14" started-at="2015-11-24T14:05:05Z" finished-at="2015-11-24T14:05:05Z">
          <params>
            <param index="0">
              <value>
                <![CDATA[org.testng.TestRunner@1bb266b3]]>
              </value>
            </param>
          </params>
          <reporter-output>
          </reporter-output>
        </test-method> <!-- first -->
        <test-method status="FAIL" signature="tearDownChrome(org.testng.ITestContext)[pri:0, instance:com.demo.scripts.Login_Fail@38e79ae3]" name="tearDownChrome" is-config="true" duration-ms="0" started-at="2015-11-24T14:06:47Z" finished-at="2015-11-24T14:06:47Z">
          <params>
            <param index="0">
              <value>
                <![CDATA[org.testng.TestRunner@1bb266b3]]>
              </value>
            </param>
          </params>
          <exception class="java.lang.NullPointerException">
            <full-stacktrace>
              <![CDATA[java.lang.NullPointerException
	at com.gallop.accelerators.TestEngine.tearDownChrome(TestEngine.java:177)
	at sun.reflect.NativeMethodAccessorImpl.invoke0(Native Method)
	at sun.reflect.NativeMethodAccessorImpl.invoke(Unknown Source)
	at sun.reflect.DelegatingMethodAccessorImpl.invoke(Unknown Source)
	at java.lang.reflect.Method.invoke(Unknown Source)
	at org.testng.internal.MethodInvocationHelper.invokeMethod(MethodInvocationHelper.java:84)
	at org.testng.internal.Invoker.invokeConfigurationMethod(Invoker.java:564)
	at org.testng.internal.Invoker.invokeConfigurations(Invoker.java:213)
	at org.testng.internal.Invoker.invokeConfigurations(Invoker.java:138)
	at org.testng.SuiteRunner.privateRun(SuiteRunner.java:322)
	at org.testng.SuiteRunner.run(SuiteRunner.java:254)
	at org.testng.SuiteRunnerWorker.runSuite(SuiteRunnerWorker.java:52)
	at org.testng.SuiteRunnerWorker.run(SuiteRunnerWorker.java:86)
	at org.testng.TestNG.runSuitesSequentially(TestNG.java:1224)
	at org.testng.TestNG.runSuitesLocally(TestNG.java:1149)
	at org.testng.TestNG.run(TestNG.java:1057)
	at org.testng.remote.RemoteTestNG.run(RemoteTestNG.java:115)
	at org.testng.remote.RemoteTestNG.initAndRun(RemoteTestNG.java:207)
	at org.testng.remote.RemoteTestNG.main(RemoteTestNG.java:178)
]]>
            </full-stacktrace>
          </exception> <!-- java.lang.NullPointerException -->
          <reporter-output>
          </reporter-output>
        </test-method> <!-- tearDownChrome -->
        <test-method status="FAIL" signature="tearDownFirefox(org.testng.ITestContext)[pri:0, instance:com.demo.scripts.Login_Fail@38e79ae3]" name="tearDownFirefox" is-config="true" duration-ms="0" started-at="2015-11-24T14:06:47Z" finished-at="2015-11-24T14:06:47Z">
          <params>
            <param index="0">
              <value>
                <![CDATA[org.testng.TestRunner@1bb266b3]]>
              </value>
            </param>
          </params>
          <exception class="java.lang.NullPointerException">
            <full-stacktrace>
              <![CDATA[java.lang.NullPointerException
	at com.gallop.accelerators.TestEngine.tearDownFirefox(TestEngine.java:162)
	at sun.reflect.NativeMethodAccessorImpl.invoke0(Native Method)
	at sun.reflect.NativeMethodAccessorImpl.invoke(Unknown Source)
	at sun.reflect.DelegatingMethodAccessorImpl.invoke(Unknown Source)
	at java.lang.reflect.Method.invoke(Unknown Source)
	at org.testng.internal.MethodInvocationHelper.invokeMethod(MethodInvocationHelper.java:84)
	at org.testng.internal.Invoker.invokeConfigurationMethod(Invoker.java:564)
	at org.testng.internal.Invoker.invokeConfigurations(Invoker.java:213)
	at org.testng.internal.Invoker.invokeConfigurations(Invoker.java:138)
	at org.testng.SuiteRunner.privateRun(SuiteRunner.java:322)
	at org.testng.SuiteRunner.run(SuiteRunner.java:254)
	at org.testng.SuiteRunnerWorker.runSuite(SuiteRunnerWorker.java:52)
	at org.testng.SuiteRunnerWorker.run(SuiteRunnerWorker.java:86)
	at org.testng.TestNG.runSuitesSequentially(TestNG.java:1224)
	at org.testng.TestNG.runSuitesLocally(TestNG.java:1149)
	at org.testng.TestNG.run(TestNG.java:1057)
	at org.testng.remote.RemoteTestNG.run(RemoteTestNG.java:115)
	at org.testng.remote.RemoteTestNG.initAndRun(RemoteTestNG.java:207)
	at org.testng.remote.RemoteTestNG.main(RemoteTestNG.java:178)
]]>
            </full-stacktrace>
          </exception> <!-- java.lang.NullPointerException -->
          <reporter-output>
          </reporter-output>
        </test-method> <!-- tearDownFirefox -->
      </class> <!-- com.demo.scripts.Login_Fail -->
    </test> <!-- Login Registration On Firefox -->
  </suite> <!-- Parallel Execution -->
</testng-results>
